[1259230:1259327:0105/034214.412053:WARNING:used_ids.h(55)] Duplicate id found. Reassigning from 104 to 127
[1259230:1259327:0105/034214.412247:WARNING:used_ids.h(55)] Duplicate id found. Reassigning from 106 to 125
[1259230:1259327:0105/034214.412403:WARNING:used_ids.h(55)] Duplicate id found. Reassigning from 112 to 124
[1259230:1259327:0105/034214.412451:WARNING:used_ids.h(55)] Duplicate id found. Reassigning from 102 to 123
[1259230:1259327:0105/034214.412502:WARNING:used_ids.h(55)] Duplicate id found. Reassigning from 103 to 122
[1259230:1259327:0105/034214.412572:WARNING:used_ids.h(55)] Duplicate id found. Reassigning from 105 to 121
[1259230:1259327:0105/034214.412661:WARNING:media_session.cc(966)] RED codec red is missing an associated payload type.
[1259230:1259327:0105/034214.412756:WARNING:used_ids.h(55)] Duplicate id found. Reassigning from 110 to 120
[1259230:1259327:0105/034214.412828:WARNING:used_ids.h(55)] Duplicate id found. Reassigning from 111 to 119
[1259165:1259165:0105/034214.707717:INFO:CONSOLE(40)] "Unrecognized feature: 'conversion-measurement'.", source: https://www.googletagmanager.com/gtm.js?id=GTM-NWV5KMR (40)
[1259165:1259165:0105/034214.883390:INFO:CONSOLE(29)] "Widget </popupManager> ("@mobile/PopupManager") is inited", source: https://yastatic.net/s3/market-static/white-desktop/browser.vendor.fa679d3.js (29)
[1259165:1259165:0105/034214.884979:INFO:CONSOLE(29)] "Widget </onboardings> ("@market/Onboardings") is inited", source: https://yastatic.net/s3/market-static/white-desktop/browser.vendor.fa679d3.js (29)
[1259165:1259165:0105/034214.885411:INFO:CONSOLE(29)] "Widget </headBanner> ("@MarketNode/HeadBanner") is inited", source: https://yastatic.net/s3/market-static/white-desktop/browser.vendor.fa679d3.js (29)
[1259165:1259165:0105/034214.886472:INFO:CONSOLE(29)] "Widget </header/logo> ("@MarketNode/HeaderLogo") is inited", source: https://yastatic.net/s3/market-static/white-desktop/browser.vendor.fa679d3.js (29)
[1259165:1259165:0105/034214.888128:INFO:CONSOLE(29)] "Widget </header/catalogEntrypoint> ("@MarketNode/HeaderCatalogEntrypoint") is inited", source: https://yastatic.net/s3/market-static/white-desktop/browser.vendor.fa679d3.js (29)
[1259165:1259165:0105/034214.892918:INFO:CONSOLE(29)] "Widget </header/search> ("@MarketNode/HeaderSearch") is inited", source: https://yastatic.net/s3/market-static/white-desktop/browser.vendor.fa679d3.js (29)
[1259165:1259165:0105/034214.894424:INFO:CONSOLE(29)] "Widget </header/plusBalance/promoTooltip> ("@marketfront/PromoTooltip") is inited", source: https://yastatic.net/s3/market-static/white-desktop/browser.vendor.fa679d3.js (29)
[1259165:1259165:0105/034214.894897:INFO:CONSOLE(29)] "Widget </header/plusBalance/yandexPlusOnboarding> ("@MarketNode/YandexPlusOnboarding") is inited", source: https://yastatic.net/s3/market-static/white-desktop/browser.vendor.fa679d3.js (29)
[1259165:1259165:0105/034214.898341:INFO:CONSOLE(29)] "Widget </header/plusBalance> ("@MarketNode/HeaderPlusBalance") is inited", source: https://yastatic.net/s3/market-static/white-desktop/browser.vendor.fa679d3.js (29)
[1259165:1259165:0105/034214.899455:INFO:CONSOLE(29)] "Widget </header/ordersButton> ("@MarketNode/HeaderOrdersButton") is inited", source: https://yastatic.net/s3/market-static/white-desktop/browser.vendor.fa679d3.js (29)
[1259165:1259165:0105/034214.900950:INFO:CONSOLE(29)] "Widget </header/wishlistButton> ("@MarketNode/HeaderWishlistButton") is inited", source: https://yastatic.net/s3/market-static/white-desktop/browser.vendor.fa679d3.js (29)
[1259165:1259165:0105/034214.902427:INFO:CONSOLE(29)] "Widget </header/cartEntryPoint> ("@market/CartEntryPoint") is inited", source: https://yastatic.net/s3/market-static/white-desktop/browser.vendor.fa679d3.js (29)
[1259165:1259165:0105/034214.904049:INFO:CONSOLE(29)] "Widget </header/nav/profileMenu/referralProgramMenuItem> ("@marketfront/ReferralProgramMenuItem") is inited", source: https://yastatic.net/s3/market-static/white-desktop/browser.vendor.fa679d3.js (29)
[1259165:1259165:0105/034214.904250:INFO:CONSOLE(29)] "Widget </header/nav/profileMenu/yandexHelpMenuItem> ("@MarketNode/YandexHelpMenuItem") is inited", source: https://yastatic.net/s3/market-static/white-desktop/browser.vendor.fa679d3.js (29)
[1259165:1259165:0105/034214.904346:INFO:CONSOLE(29)] "Widget </header/nav/profileMenu> ("@MarketNode/ProfileMenu") is inited", source: https://yastatic.net/s3/market-static/white-desktop/browser.vendor.fa679d3.js (29)
[1259165:1259165:0105/034214.904561:INFO:CONSOLE(29)] "Widget </header/nav/yandexHelpOnboardingTooltip> ("@MarketNode/YandexHelpOnboardingTooltip") is inited", source: https://yastatic.net/s3/market-static/white-desktop/browser.vendor.fa679d3.js (29)
[1259165:1259165:0105/034214.905115:INFO:CONSOLE(29)] "Widget </header/nav/loyaltyNotificationTooltip> ("@marketfront/LoyaltyNotificationTooltip") is inited", source: https://yastatic.net/s3/market-static/white-desktop/browser.vendor.fa679d3.js (29)
[1259165:1259165:0105/034214.913219:INFO:CONSOLE(29)] "Widget </header/nav> ("@MarketNode/HeaderNav") is inited", source: https://yastatic.net/s3/market-static/white-desktop/browser.vendor.fa679d3.js (29)
[1259165:1259165:0105/034214.915902:INFO:CONSOLE(29)] "Widget </header/headerRegionSelector> ("@MarketNode/HeaderRegionSelector") is inited", source: https://yastatic.net/s3/market-static/white-desktop/browser.vendor.fa679d3.js (29)
[1259165:1259165:0105/034214.916507:INFO:CONSOLE(29)] "Widget </header> ("@MarketNode/Header") is inited", source: https://yastatic.net/s3/market-static/white-desktop/browser.vendor.fa679d3.js (29)
[1259165:1259165:0105/034214.917039:INFO:CONSOLE(29)] "Widget </menu/layout/layout/regionEntrypoint> ("@MarketNode/HeaderRegionPopup") is inited", source: https://yastatic.net/s3/market-static/white-desktop/browser.vendor.fa679d3.js (29)
[1259165:1259165:0105/034214.917590:INFO:CONSOLE(29)] "Widget </menu/layout/layout/liveLink> ("@MarketNode/HeaderTabs/LiveLink") is inited", source: https://yastatic.net/s3/market-static/white-desktop/browser.vendor.fa679d3.js (29)
[1259165:1259165:0105/034214.918043:INFO:CONSOLE(29)] "Widget </menu/layout/layout/profitIndex> ("@MarketNode/ProfitIndexMenuTab") is inited", source: https://yastatic.net/s3/market-static/white-desktop/browser.vendor.fa679d3.js (29)
[1259165:1259165:0105/034214.918531:INFO:CONSOLE(29)] "Widget </menu/layout/layout> ("@MarketNode/HeaderTabs") is inited", source: https://yastatic.net/s3/market-static/white-desktop/browser.vendor.fa679d3.js (29)
[1259165:1259165:0105/034214.927768:INFO:CONSOLE(29)] "Widget </menu/layout> ("@MarketNode/HeaderTabsLayout") is inited", source: https://yastatic.net/s3/market-static/white-desktop/browser.vendor.fa679d3.js (29)
[1259165:1259165:0105/034214.928232:INFO:CONSOLE(29)] "Widget </menu> ("@MarketNode/TopMenu") is inited", source: https://yastatic.net/s3/market-static/white-desktop/browser.vendor.fa679d3.js (29)
[1259165:1259165:0105/034214.933962:INFO:CONSOLE(29)] "Widget </HydrationStarter> ("@marketfront/HydrationStarter") is inited", source: https://yastatic.net/s3/market-static/white-desktop/browser.vendor.fa679d3.js (29)
[1259165:1259165:0105/034214.935025:INFO:CONSOLE(29)] "Widget </footer/appPromoFooter> ("@MarketNode/AppPromoFooter") is inited", source: https://yastatic.net/s3/market-static/white-desktop/browser.vendor.fa679d3.js (29)
[1259165:1259165:0105/034214.936199:INFO:CONSOLE(29)] "Widget </footer/subscription> ("@MarketNode/FooterSubsriptions") is inited", source: https://yastatic.net/s3/market-static/white-desktop/browser.vendor.fa679d3.js (29)
[1259165:1259165:0105/034214.942343:INFO:CONSOLE(29)] "Widget </footer/history> ("@MarketNode/FooterHistory") is inited", source: https://yastatic.net/s3/market-static/white-desktop/browser.vendor.fa679d3.js (29)
[1259165:1259165:0105/034214.943373:INFO:CONSOLE(29)] "Widget </footer> ("@MarketNode/Footer") is inited", source: https://yastatic.net/s3/market-static/white-desktop/browser.vendor.fa679d3.js (29)
[1259165:1259165:0105/034214.944976:INFO:CONSOLE(29)] "Widget </notification> ("@marketfront/Notification") is inited", source: https://yastatic.net/s3/market-static/white-desktop/browser.vendor.fa679d3.js (29)
[1259165:1259165:0105/034214.945900:INFO:CONSOLE(29)] "Widget </videoGtag> ("@MarketNode/VideoGtag") is inited", source: https://yastatic.net/s3/market-static/white-desktop/browser.vendor.fa679d3.js (29)
[1259165:1259165:0105/034214.946597:INFO:CONSOLE(29)] "Widget </captchaService> ("@marketfront/CaptchaService") is inited", source: https://yastatic.net/s3/market-static/white-desktop/browser.vendor.fa679d3.js (29)
[1259165:1259165:0105/034214.948452:INFO:CONSOLE(29)] "Widget </cartService> ("@market/CartService") is inited", source: https://yastatic.net/s3/market-static/white-desktop/browser.vendor.fa679d3.js (29)
[1259165:1259165:0105/034214.950682:INFO:CONSOLE(29)] "Widget </yandexMessenger> ("@market/YandexMessenger") is inited", source: https://yastatic.net/s3/market-static/white-desktop/browser.vendor.fa679d3.js (29)
[1259165:1259165:0105/034214.951446:INFO:CONSOLE(29)] "Widget </cartPopup/lazyContent/content> ("@yandex-market/mandrel/LazyLoader-market") is inited", source: https://yastatic.net/s3/market-static/white-desktop/browser.vendor.fa679d3.js (29)
[1259165:1259165:0105/034214.952105:INFO:CONSOLE(29)] "Widget </cartPopup/lazyContent> ("@market/CartUpsalePopupContentLoader") is inited", source: https://yastatic.net/s3/market-static/white-desktop/browser.vendor.fa679d3.js (29)
[1259165:1259165:0105/034214.955505:INFO:CONSOLE(29)] "Widget </cartPopup> ("@market/CartUpsalePopup") is inited", source: https://yastatic.net/s3/market-static/white-desktop/browser.vendor.fa679d3.js (29)
[1259165:1259165:0105/034214.956379:INFO:CONSOLE(29)] "Widget </devToolsInit> ("@yandex-market/mandrel/DevTools/Init") is inited", source: https://yastatic.net/s3/market-static/white-desktop/browser.vendor.fa679d3.js (29)
[1259165:1259165:0105/034214.958723:INFO:CONSOLE(29)] "Widget </expressAddressPopup> ("@market/ExpressAddressPopup") is inited", source: https://yastatic.net/s3/market-static/white-desktop/browser.vendor.fa679d3.js (29)
[1259165:1259165:0105/034214.959984:INFO:CONSOLE(29)] "Widget </dailyBonusesPopup> ("@MarketNode/DailyBonusesPopup") is inited", source: https://yastatic.net/s3/market-static/white-desktop/browser.vendor.fa679d3.js (29)
[1259165:1259165:0105/034214.961048:INFO:CONSOLE(29)] "Widget </tonguePromoNotification> ("@marketfront/TonguePromoNotification") is inited", source: https://yastatic.net/s3/market-static/white-desktop/browser.vendor.fa679d3.js (29)
[1259165:1259165:0105/034214.963634:INFO:CONSOLE(29)] "Widget </fontLoader> ("@market/FontLoader") is inited", source: https://yastatic.net/s3/market-static/white-desktop/browser.vendor.fa679d3.js (29)
[1259165:1259165:0105/034214.966500:INFO:CONSOLE(29)] "Widget </ecommerce> ("@market/Ecommerce") is inited", source: https://yastatic.net/s3/market-static/white-desktop/browser.vendor.fa679d3.js (29)
[1259165:1259165:0105/034214.967826:INFO:CONSOLE(29)] "Widget </loyaltyNotificationsProvider> ("@marketfront/LoyaltyNotificationsProvider") is inited", source: https://yastatic.net/s3/market-static/white-desktop/browser.vendor.fa679d3.js (29)
[1259165:1259165:0105/034214.969709:INFO:CONSOLE(29)] "Widget </recommendationsClientLog> ("@marketfront/RecommendationsClientLog") is inited", source: https://yastatic.net/s3/market-static/white-desktop/browser.vendor.fa679d3.js (29)
[1259165:1259165:0105/034214.970617:INFO:CONSOLE(29)] "Widget </successBindBonusPopup> ("@marketfront/EFIMSuccessBindBonusPopup") is inited", source: https://yastatic.net/s3/market-static/white-desktop/browser.vendor.fa679d3.js (29)
[1259165:1259165:0105/034214.973305:INFO:CONSOLE(29)] "Widget </futureCoinPopup> ("@marketfront/FutureCoinPopup") is inited", source: https://yastatic.net/s3/market-static/white-desktop/browser.vendor.fa679d3.js (29)
[1259165:1259165:0105/034214.974835:INFO:CONSOLE(29)] "Widget </promoHintTooltip> ("@marketfront/PromoHintTooltip") is inited", source: https://yastatic.net/s3/market-static/white-desktop/browser.vendor.fa679d3.js (29)
[1259165:1259165:0105/034215.065198:INFO:CONSOLE(51)] "spooky", source: https://yastatic.net/s3/market-static/white-desktop/browser.vendor.fa679d3.js (51)
[1259165:1259165:0105/034215.065256:INFO:CONSOLE(29)] "Widget </content/popupInformer> ("@marketfront/PopupInformer") is inited", source: https://yastatic.net/s3/market-static/white-desktop/browser.vendor.fa679d3.js (29)
[1259165:1259165:0105/034215.097636:INFO:CONSOLE(29)] "Widget </content/wishlist> ("@MarketNode/Wishlist") is inited", source: https://yastatic.net/s3/market-static/white-desktop/browser.vendor.fa679d3.js (29)
[1259165:1259165:0105/034215.102414:INFO:CONSOLE(29)] "Widget </content/offerDetailsPopup> ("@MarketNode/OfferDetailsPopup") is inited", source: https://yastatic.net/s3/market-static/white-desktop/browser.vendor.fa679d3.js (29)
[1259165:1259165:0105/034215.103889:INFO:CONSOLE(29)] "Widget </content/complainFormPopup> ("@MarketNode/ComplainFormPopup") is inited", source: https://yastatic.net/s3/market-static/white-desktop/browser.vendor.fa679d3.js (29)
[1259165:1259165:0105/034215.237271:INFO:CONSOLE(1)] "You forgot to import "@yandex-market/mandrel/DevTools/Root" in the index file of a parent widget or mark it as static.", source: https://yastatic.net/s3/market-static/white-desktop/browser.vendor.fa679d3.js (1)
[1259165:1259216:0105/034217.527759:ERROR:chrome_browser_main_extra_parts_metrics.cc(226)] crbug.com/1216328: Checking Bluetooth availability started. Please report if there is no report that this ends.
[1259165:1259216:0105/034217.527807:ERROR:chrome_browser_main_extra_parts_metrics.cc(229)] crbug.com/1216328: Checking Bluetooth availability ended.
[1259165:1259216:0105/034217.527825:ERROR:chrome_browser_main_extra_parts_metrics.cc(232)] crbug.com/1216328: Checking default browser status started. Please report if there is no report that this ends.
[1259203:1259226:0105/034217.835123:WARNING:sqlite_persistent_store_backend_base.cc(171)] Failed to post task from FlushAndNotifyInBackground@net/extras/sqlite/sqlite_persistent_store_backend_base.cc:219 to client_task_runner_.
[1259203:1259226:0105/034217.835176:WARNING:sqlite_persistent_store_backend_base.cc(171)] Failed to post task from FlushAndNotifyInBackground@net/extras/sqlite/sqlite_persistent_store_backend_base.cc:219 to client_task_runner_.
[1259203:1259222:0105/034217.836758:WARNING:sqlite_persistent_store_backend_base.cc(171)] Failed to post task from FlushAndNotifyInBackground@net/extras/sqlite/sqlite_persistent_store_backend_base.cc:219 to client_task_runner_.
[1259165:1259216:0105/034217.983714:ERROR:chrome_browser_main_extra_parts_metrics.cc(236)] crbug.com/1216328: Checking default browser status ended.
[1259165:1259165:0105/034217.984755:WARNING:pref_notifier_impl.cc(40)] Pref observer for media_router.cast_allow_all_ips found at shutdown.
